[2022-04-07 01:10:44,014] INFO [GroupCoordinator 0]: Preparing to rebalance group store in state PreparingRebalance with old generation 1 (__consumer_offsets-27) (reason: Removing member consumer-store-2-54f69636-3fde-454c-952f-712a88803587 on LeaveGroup) (kafka.coordinator.group.GroupCoordinator)
[2022-04-07 01:10:44,016] INFO [GroupCoordinator 0]: Group store with generation 2 is now empty (__consumer_offsets-27) (kafka.coordinator.group.GroupCoordinator)
[2022-04-07 01:10:44,018] INFO [GroupCoordinator 0]: Member MemberMetadata(memberId=consumer-store-2-54f69636-3fde-454c-952f-712a88803587, groupInstanceId=None, clientId=consumer-store-2, clientHost=/127.0.0.1, sessionTimeoutMs=10000, rebalanceTimeoutMs=300000, supportedProtocols=List(range)) has left group store through explicit `LeaveGroup` request (kafka.coordinator.group.GroupCoordinator)
[2022-04-07 01:10:54,459] INFO [GroupCoordinator 0]: Preparing to rebalance group pet in state PreparingRebalance with old generation 1 (__consumer_offsets-29) (reason: Removing member consumer-pet-2-091a45a9-ddb7-4564-b043-3998e1cea979 on LeaveGroup) (kafka.coordinator.group.GroupCoordinator)
[2022-04-07 01:10:54,460] INFO [GroupCoordinator 0]: Group pet with generation 2 is now empty (__consumer_offsets-29) (kafka.coordinator.group.GroupCoordinator)
[2022-04-07 01:10:54,461] INFO [GroupCoordinator 0]: Member MemberMetadata(memberId=consumer-pet-2-091a45a9-ddb7-4564-b043-3998e1cea979, groupInstanceId=None, clientId=consumer-pet-2, clientHost=/127.0.0.1, sessionTimeoutMs=10000, rebalanceTimeoutMs=300000, supportedProtocols=List(range)) has left group pet through explicit `LeaveGroup` request (kafka.coordinator.group.GroupCoordinator)
[2022-04-07 01:11:13,956] INFO [GroupCoordinator 0]: Dynamic member with unknown member id joins group pet in Empty state. Created a new member id consumer-pet-2-228e687a-ee3b-4cea-bb7e-92c546fd4f0c and request the member to rejoin with this id. (kafka.coordinator.group.GroupCoordinator)
[2022-04-07 01:11:13,957] INFO [GroupCoordinator 0]: Preparing to rebalance group pet in state PreparingRebalance with old generation 2 (__consumer_offsets-29) (reason: Adding new member consumer-pet-2-228e687a-ee3b-4cea-bb7e-92c546fd4f0c with group instance id None) (kafka.coordinator.group.GroupCoordinator)
[2022-04-07 01:11:13,958] INFO [GroupCoordinator 0]: Stabilized group pet generation 3 (__consumer_offsets-29) with 1 members (kafka.coordinator.group.GroupCoordinator)
[2022-04-07 01:11:13,963] INFO [GroupCoordinator 0]: Assignment received from leader consumer-pet-2-228e687a-ee3b-4cea-bb7e-92c546fd4f0c for group pet for generation 3. The group has 1 members, 0 of which are static. (kafka.coordinator.group.GroupCoordinator)
[2022-04-07 01:13:01,163] INFO [GroupCoordinator 0]: Dynamic member with unknown member id joins group store in Empty state. Created a new member id consumer-store-2-6151dae0-2c5b-4186-ad4a-1606afcbd01a and request the member to rejoin with this id. (kafka.coordinator.group.GroupCoordinator)
[2022-04-07 01:13:01,165] INFO [GroupCoordinator 0]: Preparing to rebalance group store in state PreparingRebalance with old generation 2 (__consumer_offsets-27) (reason: Adding new member consumer-store-2-6151dae0-2c5b-4186-ad4a-1606afcbd01a with group instance id None) (kafka.coordinator.group.GroupCoordinator)
[2022-04-07 01:13:01,166] INFO [GroupCoordinator 0]: Stabilized group store generation 3 (__consumer_offsets-27) with 1 members (kafka.coordinator.group.GroupCoordinator)
[2022-04-07 01:13:01,171] INFO [GroupCoordinator 0]: Assignment received from leader consumer-store-2-6151dae0-2c5b-4186-ad4a-1606afcbd01a for group store for generation 3. The group has 1 members, 0 of which are static. (kafka.coordinator.group.GroupCoordinator)
[2022-04-07 01:13:47,456] INFO [GroupCoordinator 0]: Preparing to rebalance group store in state PreparingRebalance with old generation 3 (__consumer_offsets-27) (reason: Removing member consumer-store-2-6151dae0-2c5b-4186-ad4a-1606afcbd01a on LeaveGroup) (kafka.coordinator.group.GroupCoordinator)
[2022-04-07 01:13:47,456] INFO [GroupCoordinator 0]: Group store with generation 4 is now empty (__consumer_offsets-27) (kafka.coordinator.group.GroupCoordinator)
[2022-04-07 01:13:47,457] INFO [GroupCoordinator 0]: Member MemberMetadata(memberId=consumer-store-2-6151dae0-2c5b-4186-ad4a-1606afcbd01a, groupInstanceId=None, clientId=consumer-store-2, clientHost=/127.0.0.1, sessionTimeoutMs=10000, rebalanceTimeoutMs=300000, supportedProtocols=List(range)) has left group store through explicit `LeaveGroup` request (kafka.coordinator.group.GroupCoordinator)
[2022-04-07 01:15:30,796] INFO [GroupCoordinator 0]: Dynamic member with unknown member id joins group store in Empty state. Created a new member id consumer-store-2-d92b0783-dd60-4716-8779-30a2bc022f83 and request the member to rejoin with this id. (kafka.coordinator.group.GroupCoordinator)
[2022-04-07 01:15:30,798] INFO [GroupCoordinator 0]: Preparing to rebalance group store in state PreparingRebalance with old generation 4 (__consumer_offsets-27) (reason: Adding new member consumer-store-2-d92b0783-dd60-4716-8779-30a2bc022f83 with group instance id None) (kafka.coordinator.group.GroupCoordinator)
[2022-04-07 01:15:30,798] INFO [GroupCoordinator 0]: Stabilized group store generation 5 (__consumer_offsets-27) with 1 members (kafka.coordinator.group.GroupCoordinator)
[2022-04-07 01:15:30,803] INFO [GroupCoordinator 0]: Assignment received from leader consumer-store-2-d92b0783-dd60-4716-8779-30a2bc022f83 for group store for generation 5. The group has 1 members, 0 of which are static. (kafka.coordinator.group.GroupCoordinator)
[2022-04-07 01:17:35,914] INFO [GroupCoordinator 0]: Preparing to rebalance group store in state PreparingRebalance with old generation 5 (__consumer_offsets-27) (reason: Removing member consumer-store-2-d92b0783-dd60-4716-8779-30a2bc022f83 on LeaveGroup) (kafka.coordinator.group.GroupCoordinator)
[2022-04-07 01:17:35,914] INFO [GroupCoordinator 0]: Group store with generation 6 is now empty (__consumer_offsets-27) (kafka.coordinator.group.GroupCoordinator)
[2022-04-07 01:17:35,915] INFO [GroupCoordinator 0]: Member MemberMetadata(memberId=consumer-store-2-d92b0783-dd60-4716-8779-30a2bc022f83, groupInstanceId=None, clientId=consumer-store-2, clientHost=/127.0.0.1, sessionTimeoutMs=10000, rebalanceTimeoutMs=300000, supportedProtocols=List(range)) has left group store through explicit `LeaveGroup` request (kafka.coordinator.group.GroupCoordinator)
[2022-04-07 01:17:46,775] INFO [GroupCoordinator 0]: Dynamic member with unknown member id joins group store in Empty state. Created a new member id consumer-store-2-ed9a15fa-d62a-44cb-b94a-02ca77697b12 and request the member to rejoin with this id. (kafka.coordinator.group.GroupCoordinator)
[2022-04-07 01:17:46,777] INFO [GroupCoordinator 0]: Preparing to rebalance group store in state PreparingRebalance with old generation 6 (__consumer_offsets-27) (reason: Adding new member consumer-store-2-ed9a15fa-d62a-44cb-b94a-02ca77697b12 with group instance id None) (kafka.coordinator.group.GroupCoordinator)
[2022-04-07 01:17:46,778] INFO [GroupCoordinator 0]: Stabilized group store generation 7 (__consumer_offsets-27) with 1 members (kafka.coordinator.group.GroupCoordinator)
[2022-04-07 01:17:46,784] INFO [GroupCoordinator 0]: Assignment received from leader consumer-store-2-ed9a15fa-d62a-44cb-b94a-02ca77697b12 for group store for generation 7. The group has 1 members, 0 of which are static. (kafka.coordinator.group.GroupCoordinator)
[2022-04-07 01:19:00,304] INFO [GroupCoordinator 0]: Preparing to rebalance group pet in state PreparingRebalance with old generation 3 (__consumer_offsets-29) (reason: Removing member consumer-pet-2-228e687a-ee3b-4cea-bb7e-92c546fd4f0c on LeaveGroup) (kafka.coordinator.group.GroupCoordinator)
[2022-04-07 01:19:00,304] INFO [GroupCoordinator 0]: Group pet with generation 4 is now empty (__consumer_offsets-29) (kafka.coordinator.group.GroupCoordinator)
[2022-04-07 01:19:00,305] INFO [GroupCoordinator 0]: Member MemberMetadata(memberId=consumer-pet-2-228e687a-ee3b-4cea-bb7e-92c546fd4f0c, groupInstanceId=None, clientId=consumer-pet-2, clientHost=/127.0.0.1, sessionTimeoutMs=10000, rebalanceTimeoutMs=300000, supportedProtocols=List(range)) has left group pet through explicit `LeaveGroup` request (kafka.coordinator.group.GroupCoordinator)
